19:27:49 **** Rebuild of configuration Debug for project mascara ****
Info: Internal Builder is used for build
g++ -O0 -g3 -Wall -c -fmessage-length=0 -o "css\\figura.o" "..\\css\\figura.cpp" 
g++ -o mascara.exe "css\\figura.o" -lopengl32 -lglu32 -lfreeglut 
Info: Nothing to build for mascara
19:41:11 **** Incremental Build of configuration Debug for project mascara ****
Info: Internal Builder is used for build
g++ -O0 -g3 -Wall -c -fmessage-length=0 -o "css\\figura.o" "..\\css\\figura.cpp" 
g++ -o mascara.exe "css\\figura.o" -lopengl32 -lglu32 -lfreeglut 
19:44:04 **** Incremental Build of configuration Debug for project mascara ****
Info: Internal Builder is used for build
g++ -O0 -g3 -Wall -c -fmessage-length=0 -o "css\\figura.o" "..\\css\\figura.cpp" 
g++ -o mascara.exe "css\\figura.o" -lopengl32 -lglu32 -lfreeglut 
19:44:36 **** Incremental Build of configuration Debug for project mascara ****
Info: Internal Builder is used for build
g++ -O0 -g3 -Wall -c -fmessage-length=0 -o "css\\figura.o" "..\\css\\figura.cpp" 
g++ -o mascara.exe "css\\figura.o" -lopengl32 -lglu32 -lfreeglut 
19:46:12 **** Incremental Build of configuration Debug for project mascara ****
Info: Internal Builder is used for build
g++ -O0 -g3 -Wall -c -fmessage-length=0 -o "css\\figura.o" "..\\css\\figura.cpp" 
g++ -o mascara.exe "css\\figura.o" -lopengl32 -lglu32 -lfreeglut 
19:46:32 **** Incremental Build of configuration Debug for project mascara ****
Info: Internal Builder is used for build
g++ -O0 -g3 -Wall -c -fmessage-length=0 -o "css\\figura.o" "..\\css\\figura.cpp" 
g++ -o mascara.exe "css\\figura.o" -lopengl32 -lglu32 -lfreeglut 
19:46:42 **** Incremental Build of configuration Debug for project mascara ****
Info: Internal Builder is used for build
g++ -O0 -g3 -Wall -c -fmessage-length=0 -o "css\\figura.o" "..\\css\\figura.cpp" 
g++ -o mascara.exe "css\\figura.o" -lopengl32 -lglu32 -lfreeglut 
19:48:19 **** Incremental Build of configuration Debug for project mascara ****
Info: Internal Builder is used for build
g++ -O0 -g3 -Wall -c -fmessage-length=0 -o "css\\figura.o" "..\\css\\figura.cpp" 
g++ -o mascara.exe "css\\figura.o" -lopengl32 -lglu32 -lfreeglut 
19:50:12 **** Incremental Build of configuration Debug for project mascara ****
Info: Internal Builder is used for build
g++ -O0 -g3 -Wall -c -fmessage-length=0 -o "css\\figura.o" "..\\css\\figura.cpp" 
g++ -o mascara.exe "css\\figura.o" -lopengl32 -lglu32 -lfreeglut 
19:52:08 **** Incremental Build of configuration Debug for project mascara ****
Info: Internal Builder is used for build
g++ -O0 -g3 -Wall -c -fmessage-length=0 -o "css\\figura.o" "..\\css\\figura.cpp" 
g++ -o mascara.exe "css\\figura.o" -lopengl32 -lglu32 -lfreeglut 
19:53:09 **** Incremental Build of configuration Debug for project mascara ****
Info: Internal Builder is used for build
g++ -O0 -g3 -Wall -c -fmessage-length=0 -o "css\\figura.o" "..\\css\\figura.cpp" 
g++ -o mascara.exe "css\\figura.o" -lopengl32 -lglu32 -lfreeglut 
19:56:18 **** Incremental Build of configuration Debug for project mascara ****
Info: Internal Builder is used for build
g++ -O0 -g3 -Wall -c -fmessage-length=0 -o "css\\figura.o" "..\\css\\figura.cpp" 
g++ -o mascara.exe "css\\figura.o" -lopengl32 -lglu32 -lfreeglut 
19:57:54 **** Incremental Build of configuration Debug for project mascara ****
Info: Internal Builder is used for build
g++ -O0 -g3 -Wall -c -fmessage-length=0 -o "css\\figura.o" "..\\css\\figura.cpp" 
g++ -o mascara.exe "css\\figura.o" -lopengl32 -lglu32 -lfreeglut 
19:58:15 **** Incremental Build of configuration Debug for project mascara ****
Info: Internal Builder is used for build
g++ -O0 -g3 -Wall -c -fmessage-length=0 -o "css\\figura.o" "..\\css\\figura.cpp" 
g++ -o mascara.exe "css\\figura.o" -lopengl32 -lglu32 -lfreeglut 
20:00:36 **** Incremental Build of configuration Debug for project mascara ****
Info: Internal Builder is used for build
g++ -O0 -g3 -Wall -c -fmessage-length=0 -o "css\\figura.o" "..\\css\\figura.cpp" 
g++ -o mascara.exe "css\\figura.o" -lopengl32 -lglu32 -lfreeglut 
20:02:54 **** Incremental Build of configuration Debug for project mascara ****
Info: Internal Builder is used for build
g++ -O0 -g3 -Wall -c -fmessage-length=0 -o "css\\figura.o" "..\\css\\figura.cpp" 
g++ -o mascara.exe "css\\figura.o" -lopengl32 -lglu32 -lfreeglut 
20:05:33 **** Incremental Build of configuration Debug for project mascara ****
Info: Internal Builder is used for build
g++ -O0 -g3 -Wall -c -fmessage-length=0 -o "css\\figura.o" "..\\css\\figura.cpp" 
g++ -o mascara.exe "css\\figura.o" -lopengl32 -lglu32 -lfreeglut 
20:06:48 **** Incremental Build of configuration Debug for project mascara ****
Info: Internal Builder is used for build
g++ -O0 -g3 -Wall -c -fmessage-length=0 -o "css\\figura.o" "..\\css\\figura.cpp" 
g++ -o mascara.exe "css\\figura.o" -lopengl32 -lglu32 -lfreeglut 
20:07:41 **** Incremental Build of configuration Debug for project mascara ****
Info: Internal Builder is used for build
g++ -O0 -g3 -Wall -c -fmessage-length=0 -o "css\\figura.o" "..\\css\\figura.cpp" 
g++ -o mascara.exe "css\\figura.o" -lopengl32 -lglu32 -lfreeglut 
20:10:43 **** Incremental Build of configuration Debug for project mascara ****
Info: Internal Builder is used for build
g++ -O0 -g3 -Wall -c -fmessage-length=0 -o "css\\figura.o" "..\\css\\figura.cpp" 
g++ -o mascara.exe "css\\figura.o" -lopengl32 -lglu32 -lfreeglut 
